Arguments: 
  /Users/user/.nvm/versions/node/v12.9.0/bin/node /usr/local/Cellar/yarn/1.17.3/libexec/bin/yarn.js add npm-run-all --dev

PATH: 
  /Users/user/.nvm/versions/node/v12.9.0/bin:/Users/user/bin:/usr/local/bin:/opt/local/bin:/opt/local/sbin:/usr/local/bin:/usr/bin:/bin:/usr/sbin:/sbin:/usr/local/go/bin:/usr/local/share/dotnet:~/.dotnet/tools:/Library/Frameworks/Mono.framework/Versions/Current/Commands

Yarn version: 
  1.17.3

Node version: 
  12.9.0

Platform: 
  darwin x64

Trace: 
  SyntaxError: /Users/user/www/oleksii-honchar/jaba/package.json: Unexpected string in JSON at position 254
      at JSON.parse (<anonymous>)
      at /usr/local/Cellar/yarn/1.17.3/libexec/lib/cli.js:1625:59
      at Generator.next (<anonymous>)
      at step (/usr/local/Cellar/yarn/1.17.3/libexec/lib/cli.js:304:30)
      at /usr/local/Cellar/yarn/1.17.3/libexec/lib/cli.js:315:13

npm manifest: 
  {
    "name": "jaba",
    "version": "2.2.3",
    "description": "Javascrip Application BAse docker",
    "main": "index.js",
    "scripts": {
      "docker:build": "bash ./scripts/build.sh",
      "docker:push:image": "bash ./devops/docker/scripts/push-image.sh"
      "docker:push:latest": "bash ./devops/docker/scripts/push-image.sh"
    },
    "author": "Oleksii Honchar",
    "license": "MIT",
    "repository": {
      "type": "git",
      "url": "https://github.com/oleksii-honchar/jaba.git"
    }
  }

yarn manifest: 
  No manifest

Lockfile: 
  No lockfile
